"F:/Clasess project/monogame projects/First game scraps/ThinkJump/ThinkJump/projectNoEgypt/Project No Egypt/No_Egypt/Content/StarterContent/Textures/T_Smoke_Tiled_D.uasset" 0
"F:/Clasess project/monogame projects/First game scraps/ThinkJump/ThinkJump/projectNoEgypt/Project No Egypt/No_Egypt/Content/StarterContent/Textures/T_Smoke_SubUV.uasset" 1
"F:/Clasess project/monogame projects/First game scraps/ThinkJump/ThinkJump/projectNoEgypt/Project No Egypt/No_Egypt/Content/StarterContent/Particles/Materials/M_smoke_subUV.uasset" 2
"../../../Engine/Content/Functions/Engine_MaterialFunctions01/Gradient/RadialGradient.uasset" 3
"F:/Clasess project/monogame projects/First game scraps/ThinkJump/ThinkJump/projectNoEgypt/Project No Egypt/No_Egypt/Content/StarterContent/Particles/Materials/M_radial_ramp.uasset" 4
"F:/Clasess project/monogame projects/First game scraps/ThinkJump/ThinkJump/projectNoEgypt/Project No Egypt/No_Egypt/Content/StarterContent/Particles/Materials/m_flare_01.uasset" 5
"F:/Clasess project/monogame projects/First game scraps/ThinkJump/ThinkJump/projectNoEgypt/Project No Egypt/No_Egypt/Content/StarterContent/Textures/T_Explosion_SubUV.uasset" 6
"F:/Clasess project/monogame projects/First game scraps/ThinkJump/ThinkJump/projectNoEgypt/Project No Egypt/No_Egypt/Content/StarterContent/Particles/Materials/M_explosion_subUV.uasset" 7
"F:/Clasess project/monogame projects/First game scraps/ThinkJump/ThinkJump/projectNoEgypt/Project No Egypt/No_Egypt/Content/StarterContent/Textures/T_Burst_M.uasset" 8
"F:/Clasess project/monogame projects/First game scraps/ThinkJump/ThinkJump/projectNoEgypt/Project No Egypt/No_Egypt/Content/StarterContent/Particles/Materials/M_Burst.uasset" 9
"F:/Clasess project/monogame projects/First game scraps/ThinkJump/ThinkJump/projectNoEgypt/Project No Egypt/No_Egypt/Content/StarterContent/Particles/P_Explosion.uasset" 10
"F:/Clasess project/monogame projects/First game scraps/ThinkJump/ThinkJump/projectNoEgypt/Project No Egypt/No_Egypt/Content/Materials/defaultMat.uasset" 11
"F:/Clasess project/monogame projects/First game scraps/ThinkJump/ThinkJump/projectNoEgypt/Project No Egypt/No_Egypt/Content/Models/Ball_changer_Ring.uasset" 12
"F:/Clasess project/monogame projects/First game scraps/ThinkJump/ThinkJump/projectNoEgypt/Project No Egypt/No_Egypt/Content/Models/Ball_changer_Center.uasset" 13
"F:/Clasess project/monogame projects/First game scraps/ThinkJump/ThinkJump/projectNoEgypt/Project No Egypt/No_Egypt/Content/StarterContent/Textures/T_MacroVariation.uasset" 14
"F:/Clasess project/monogame projects/First game scraps/ThinkJump/ThinkJump/projectNoEgypt/Project No Egypt/No_Egypt/Content/StarterContent/Materials/M_Metal_Brushed_Nickel.uasset" 15
"F:/Clasess project/monogame projects/First game scraps/ThinkJump/ThinkJump/projectNoEgypt/Project No Egypt/No_Egypt/Content/Textures/BallChangerCentre_wood_Albedo.uasset" 16
"F:/Clasess project/monogame projects/First game scraps/ThinkJump/ThinkJump/projectNoEgypt/Project No Egypt/No_Egypt/Content/Textures/BallChanger_Normal_Rot.uasset" 17
"F:/Clasess project/monogame projects/First game scraps/ThinkJump/ThinkJump/projectNoEgypt/Project No Egypt/No_Egypt/Content/Textures/BallChanger_Normal.uasset" 18
"F:/Clasess project/monogame projects/First game scraps/ThinkJump/ThinkJump/projectNoEgypt/Project No Egypt/No_Egypt/Content/Textures/BallChanger_Noise.uasset" 19
"../../../Engine/Content/EngineVolumetrics/Fogsheet/Materials/T_EV_BlankWhite_01.uasset" 20
"../../../Engine/Content/Functions/Engine_MaterialFunctions02/Utility/VectorLength.uasset" 21
"../../../Engine/Content/Functions/Engine_MaterialFunctions02/Utility/CameraDirectionVector.uasset" 22
"../../../Engine/Content/Functions/Engine_MaterialFunctions02/SafeNormalize.uasset" 23
"../../../Engine/Content/Functions/Engine_MaterialFunctions02/Math/InverseTransformMatrix.uasset" 24
"../../../Engine/Content/Functions/Engine_MaterialFunctions02/Math/CreateThirdOrthogonalVector.uasset" 25
"../../../Engine/Content/Functions/Engine_MaterialFunctions02/Math/TransformToZVector.uasset" 26
"../../../Engine/Content/Functions/Engine_MaterialFunctions01/Texturing/ParallaxOcclusionMapping.uasset" 27
"F:/Clasess project/monogame projects/First game scraps/ThinkJump/ThinkJump/projectNoEgypt/Project No Egypt/No_Egypt/Content/Materials/BallChanger_wood.uasset" 28
"F:/Clasess project/monogame projects/First game scraps/ThinkJump/ThinkJump/projectNoEgypt/Project No Egypt/No_Egypt/Content/Textures/BallChangerCentre_ice_Albedo.uasset" 29
"F:/Clasess project/monogame projects/First game scraps/ThinkJump/ThinkJump/projectNoEgypt/Project No Egypt/No_Egypt/Content/Materials/BallChanger_ice.uasset" 30
"F:/Clasess project/monogame projects/First game scraps/ThinkJump/ThinkJump/projectNoEgypt/Project No Egypt/No_Egypt/Content/Textures/BallChangerCentre_fire_Albedo.uasset" 31
"F:/Clasess project/monogame projects/First game scraps/ThinkJump/ThinkJump/projectNoEgypt/Project No Egypt/No_Egypt/Content/Materials/BallChanger_fire.uasset" 32
"F:/Clasess project/monogame projects/First game scraps/ThinkJump/ThinkJump/projectNoEgypt/Project No Egypt/No_Egypt/Content/Textures/BallChangerCentre_Albedo.uasset" 33
"F:/Clasess project/monogame projects/First game scraps/ThinkJump/ThinkJump/projectNoEgypt/Project No Egypt/No_Egypt/Content/Materials/BallChanger_default.uasset" 34
"F:/Clasess project/monogame projects/First game scraps/ThinkJump/ThinkJump/projectNoEgypt/Project No Egypt/No_Egypt/Content/StarterContent/Particles/P_Smoke.uasset" 35
"F:/Clasess project/monogame projects/First game scraps/ThinkJump/ThinkJump/projectNoEgypt/Project No Egypt/No_Egypt/Content/StarterContent/Particles/Materials/M_Radial_Gradient.uasset" 36
"F:/Clasess project/monogame projects/First game scraps/ThinkJump/ThinkJump/projectNoEgypt/Project No Egypt/No_Egypt/Content/StarterContent/Textures/T_Water_N.uasset" 37
"F:/Clasess project/monogame projects/First game scraps/ThinkJump/ThinkJump/projectNoEgypt/Project No Egypt/No_Egypt/Content/StarterContent/Particles/Materials/M_Heat_Distortion.uasset" 38
"F:/Clasess project/monogame projects/First game scraps/ThinkJump/ThinkJump/projectNoEgypt/Project No Egypt/No_Egypt/Content/StarterContent/Textures/T_Fire_Tiled_D.uasset" 39
"F:/Clasess project/monogame projects/First game scraps/ThinkJump/ThinkJump/projectNoEgypt/Project No Egypt/No_Egypt/Content/StarterContent/Textures/T_Fire_SubUV.uasset" 40
"F:/Clasess project/monogame projects/First game scraps/ThinkJump/ThinkJump/projectNoEgypt/Project No Egypt/No_Egypt/Content/StarterContent/Particles/Materials/M_Fire_SubUV.uasset" 41
"F:/Clasess project/monogame projects/First game scraps/ThinkJump/ThinkJump/projectNoEgypt/Project No Egypt/No_Egypt/Content/StarterContent/Particles/P_Fire.uasset" 42
"F:/Clasess project/monogame projects/First game scraps/ThinkJump/ThinkJump/projectNoEgypt/Project No Egypt/No_Egypt/Content/Models/ball.uasset" 43
"F:/Clasess project/monogame projects/First game scraps/ThinkJump/ThinkJump/projectNoEgypt/Project No Egypt/No_Egypt/Content/Materials/tree_in_border.uasset" 44
"F:/Clasess project/monogame projects/First game scraps/ThinkJump/ThinkJump/projectNoEgypt/Project No Egypt/No_Egypt/Content/Materials/Rock_icon.uasset" 45
"F:/Clasess project/monogame projects/First game scraps/ThinkJump/ThinkJump/projectNoEgypt/Project No Egypt/No_Egypt/Content/Materials/ice_in_border.uasset" 46
"F:/Clasess project/monogame projects/First game scraps/ThinkJump/ThinkJump/projectNoEgypt/Project No Egypt/No_Egypt/Content/Materials/fire_in_border.uasset" 47
"F:/Clasess project/monogame projects/First game scraps/ThinkJump/ThinkJump/projectNoEgypt/Project No Egypt/No_Egypt/Content/Blueprints/UI/HUD.uasset" 48
"F:/Clasess project/monogame projects/First game scraps/ThinkJump/ThinkJump/projectNoEgypt/Project No Egypt/No_Egypt/Content/Blueprints/UI/finishMessige.uasset" 49
"F:/Clasess project/monogame projects/First game scraps/ThinkJump/ThinkJump/projectNoEgypt/Project No Egypt/No_Egypt/Content/StarterContent/Textures/T_Wood_Oak_N.uasset" 50
"F:/Clasess project/monogame projects/First game scraps/ThinkJump/ThinkJump/projectNoEgypt/Project No Egypt/No_Egypt/Content/StarterContent/Textures/T_Wood_Oak_D.uasset" 51
"F:/Clasess project/monogame projects/First game scraps/ThinkJump/ThinkJump/projectNoEgypt/Project No Egypt/No_Egypt/Content/StarterContent/Materials/M_Wood_Oak.uasset" 52
"F:/Clasess project/monogame projects/First game scraps/ThinkJump/ThinkJump/projectNoEgypt/Project No Egypt/No_Egypt/Content/StarterContent/Textures/T_Concrete_Tiles_N.uasset" 53
"F:/Clasess project/monogame projects/First game scraps/ThinkJump/ThinkJump/projectNoEgypt/Project No Egypt/No_Egypt/Content/StarterContent/Textures/T_Concrete_Tiles_M.uasset" 54
"F:/Clasess project/monogame projects/First game scraps/ThinkJump/ThinkJump/projectNoEgypt/Project No Egypt/No_Egypt/Content/StarterContent/Textures/T_Concrete_Tiles_D.uasset" 55
"../../../Engine/Content/Functions/Engine_MaterialFunctions01/Opacity/CameraDepthFade.uasset" 56
"F:/Clasess project/monogame projects/First game scraps/ThinkJump/ThinkJump/projectNoEgypt/Project No Egypt/No_Egypt/Content/StarterContent/Textures/T_Concrete_Tiles_Variation_M.uasset" 57
"F:/Clasess project/monogame projects/First game scraps/ThinkJump/ThinkJump/projectNoEgypt/Project No Egypt/No_Egypt/Content/StarterContent/Materials/M_Concrete_Tiles.uasset" 58
"F:/Clasess project/monogame projects/First game scraps/ThinkJump/ThinkJump/projectNoEgypt/Project No Egypt/No_Egypt/Content/Textures/Ice_floor_normal.uasset" 59
"F:/Clasess project/monogame projects/First game scraps/ThinkJump/ThinkJump/projectNoEgypt/Project No Egypt/No_Egypt/Content/Textures/ice_floor_height.uasset" 60
"F:/Clasess project/monogame projects/First game scraps/ThinkJump/ThinkJump/projectNoEgypt/Project No Egypt/No_Egypt/Content/Textures/ice_floor.uasset" 61
"F:/Clasess project/monogame projects/First game scraps/ThinkJump/ThinkJump/projectNoEgypt/Project No Egypt/No_Egypt/Content/Materials/IceFloor.uasset" 62
"../../../Engine/Content/EngineMaterials/T_Default_Material_Grid_N.uasset" 63
"../../../Engine/Content/EngineMaterials/T_Default_Material_Grid_M.uasset" 64
"../../../Engine/Content/EngineMaterials/WorldGridMaterial.uasset" 65
"../../../Engine/Content/BasicShapes/Cube.uasset" 66
"F:/Clasess project/monogame projects/First game scraps/ThinkJump/ThinkJump/projectNoEgypt/Project No Egypt/No_Egypt/Content/Blueprints/waterBridge.uasset" 67
"F:/Clasess project/monogame projects/First game scraps/ThinkJump/ThinkJump/projectNoEgypt/Project No Egypt/No_Egypt/Content/Blueprints/iceBridge.uasset" 68
"F:/Clasess project/monogame projects/First game scraps/ThinkJump/ThinkJump/projectNoEgypt/Project No Egypt/No_Egypt/Content/Audio/Effects/wooden_ball_rolling.uasset" 69
"F:/Clasess project/monogame projects/First game scraps/ThinkJump/ThinkJump/projectNoEgypt/Project No Egypt/No_Egypt/Content/Audio/Effects/woodBall_Cue.uasset" 70
"F:/Clasess project/monogame projects/First game scraps/ThinkJump/ThinkJump/projectNoEgypt/Project No Egypt/No_Egypt/Content/Audio/Effects/Ice_ball_rolling.uasset" 71
"F:/Clasess project/monogame projects/First game scraps/ThinkJump/ThinkJump/projectNoEgypt/Project No Egypt/No_Egypt/Content/Audio/Effects/iceBall_Cue.uasset" 72
"F:/Clasess project/monogame projects/First game scraps/ThinkJump/ThinkJump/projectNoEgypt/Project No Egypt/No_Egypt/Content/StarterContent/Materials/M_Basic_Wall.uasset" 73
"F:/Clasess project/monogame projects/First game scraps/ThinkJump/ThinkJump/projectNoEgypt/Project No Egypt/No_Egypt/Content/Models/Cobweb_wall.uasset" 74
"F:/Clasess project/monogame projects/First game scraps/ThinkJump/ThinkJump/projectNoEgypt/Project No Egypt/No_Egypt/Content/Blueprints/cobweb_wall.uasset" 75
"../../../Engine/Content/EditorBlueprintResources/StandardMacros.uasset" 76
"F:/Clasess project/monogame projects/First game scraps/ThinkJump/ThinkJump/projectNoEgypt/Project No Egypt/No_Egypt/Content/Audio/Effects/stone_ball_rolling.uasset" 77
"F:/Clasess project/monogame projects/First game scraps/ThinkJump/ThinkJump/projectNoEgypt/Project No Egypt/No_Egypt/Content/Audio/Effects/stoneBall_Cue.uasset" 78
"F:/Clasess project/monogame projects/First game scraps/ThinkJump/ThinkJump/projectNoEgypt/Project No Egypt/No_Egypt/Content/Audio/Music/Gameplay.uasset" 79
"F:/Clasess project/monogame projects/First game scraps/ThinkJump/ThinkJump/projectNoEgypt/Project No Egypt/No_Egypt/Content/Blueprints/Ball.uasset" 80
"F:/Clasess project/monogame projects/First game scraps/ThinkJump/ThinkJump/projectNoEgypt/Project No Egypt/No_Egypt/Content/Blueprints/BallChanger.uasset" 81
"F:/Clasess project/monogame projects/First game scraps/ThinkJump/ThinkJump/projectNoEgypt/Project No Egypt/No_Egypt/Content/Blueprints/BallChanger_wood.uasset" 82
"F:/Clasess project/monogame projects/First game scraps/ThinkJump/ThinkJump/projectNoEgypt/Project No Egypt/No_Egypt/Content/Blueprints/PlayerController.uasset" 83
"F:/Clasess project/monogame projects/First game scraps/ThinkJump/ThinkJump/projectNoEgypt/Project No Egypt/No_Egypt/Content/Blueprints/GameMode.uasset" 84
"F:/Clasess project/monogame projects/First game scraps/ThinkJump/ThinkJump/projectNoEgypt/Project No Egypt/No_Egypt/Content/Materials/border_drowed_be_pencile_but_with_whit_backgroud.uasset" 85
"F:/Clasess project/monogame projects/First game scraps/ThinkJump/ThinkJump/projectNoEgypt/Project No Egypt/No_Egypt/Content/Materials/IceFloor_2.uasset" 86
"F:/Clasess project/monogame projects/First game scraps/ThinkJump/ThinkJump/projectNoEgypt/Project No Egypt/No_Egypt/Content/Models/defaultMat.uasset" 87
"F:/Clasess project/monogame projects/First game scraps/ThinkJump/ThinkJump/projectNoEgypt/Project No Egypt/No_Egypt/Content/Models/Vase_2.uasset" 88
"F:/Clasess project/monogame projects/First game scraps/ThinkJump/ThinkJump/projectNoEgypt/Project No Egypt/No_Egypt/Content/StarterContent/Materials/M_Basic_Floor.uasset" 89
"F:/Clasess project/monogame projects/First game scraps/ThinkJump/ThinkJump/projectNoEgypt/Project No Egypt/No_Egypt/Content/StarterContent/Architecture/Floor_400x400.uasset" 90
"F:/Clasess project/monogame projects/First game scraps/ThinkJump/ThinkJump/projectNoEgypt/Project No Egypt/No_Egypt/Content/StarterContent/Architecture/Pillar_50x500.uasset" 91
"F:/Clasess project/monogame projects/First game scraps/ThinkJump/ThinkJump/projectNoEgypt/Project No Egypt/No_Egypt/Content/StarterContent/Materials/M_AssetPlatform.uasset" 92
"F:/Clasess project/monogame projects/First game scraps/ThinkJump/ThinkJump/projectNoEgypt/Project No Egypt/No_Egypt/Content/StarterContent/Architecture/SM_AssetPlatform.uasset" 93
"F:/Clasess project/monogame projects/First game scraps/ThinkJump/ThinkJump/projectNoEgypt/Project No Egypt/No_Egypt/Content/StarterContent/Architecture/Wall_400x200.uasset" 94
"F:/Clasess project/monogame projects/First game scraps/ThinkJump/ThinkJump/projectNoEgypt/Project No Egypt/No_Egypt/Content/StarterContent/Architecture/Wall_400x300.uasset" 95
"F:/Clasess project/monogame projects/First game scraps/ThinkJump/ThinkJump/projectNoEgypt/Project No Egypt/No_Egypt/Content/StarterContent/Architecture/Wall_400x400.uasset" 96
"F:/Clasess project/monogame projects/First game scraps/ThinkJump/ThinkJump/projectNoEgypt/Project No Egypt/No_Egypt/Content/StarterContent/Architecture/Wall_500x500.uasset" 97
"F:/Clasess project/monogame projects/First game scraps/ThinkJump/ThinkJump/projectNoEgypt/Project No Egypt/No_Egypt/Content/StarterContent/Architecture/Wall_Door_400x300.uasset" 98
"F:/Clasess project/monogame projects/First game scraps/ThinkJump/ThinkJump/projectNoEgypt/Project No Egypt/No_Egypt/Content/StarterContent/Architecture/Wall_Door_400x400.uasset" 99
"F:/Clasess project/monogame projects/First game scraps/ThinkJump/ThinkJump/projectNoEgypt/Project No Egypt/No_Egypt/Content/StarterContent/Architecture/Wall_Window_400x300.uasset" 100
"F:/Clasess project/monogame projects/First game scraps/ThinkJump/ThinkJump/projectNoEgypt/Project No Egypt/No_Egypt/Content/StarterContent/Architecture/Wall_Window_400x400.uasset" 101
"F:/Clasess project/monogame projects/First game scraps/ThinkJump/ThinkJump/projectNoEgypt/Project No Egypt/No_Egypt/Content/StarterContent/Audio/Collapse01.uasset" 102
"F:/Clasess project/monogame projects/First game scraps/ThinkJump/ThinkJump/projectNoEgypt/Project No Egypt/No_Egypt/Content/StarterContent/Audio/Collapse02.uasset" 103
"F:/Clasess project/monogame projects/First game scraps/ThinkJump/ThinkJump/projectNoEgypt/Project No Egypt/No_Egypt/Content/StarterContent/Audio/Collapse_Cue.uasset" 104
"F:/Clasess project/monogame projects/First game scraps/ThinkJump/ThinkJump/projectNoEgypt/Project No Egypt/No_Egypt/Content/StarterContent/Audio/Explosion01.uasset" 105
"F:/Clasess project/monogame projects/First game scraps/ThinkJump/ThinkJump/projectNoEgypt/Project No Egypt/No_Egypt/Content/StarterContent/Audio/Explosion02.uasset" 106
"F:/Clasess project/monogame projects/First game scraps/ThinkJump/ThinkJump/projectNoEgypt/Project No Egypt/No_Egypt/Content/StarterContent/Audio/Fire01.uasset" 107
"F:/Clasess project/monogame projects/First game scraps/ThinkJump/ThinkJump/projectNoEgypt/Project No Egypt/No_Egypt/Content/StarterContent/Audio/Fire_Sparks01.uasset" 108
"F:/Clasess project/monogame projects/First game scraps/ThinkJump/ThinkJump/projectNoEgypt/Project No Egypt/No_Egypt/Content/StarterContent/Audio/Light01.uasset" 109
"F:/Clasess project/monogame projects/First game scraps/ThinkJump/ThinkJump/projectNoEgypt/Project No Egypt/No_Egypt/Content/StarterContent/Audio/Light01_Cue.uasset" 110
"F:/Clasess project/monogame projects/First game scraps/ThinkJump/ThinkJump/projectNoEgypt/Project No Egypt/No_Egypt/Content/StarterContent/Audio/Light02.uasset" 111
"F:/Clasess project/monogame projects/First game scraps/ThinkJump/ThinkJump/projectNoEgypt/Project No Egypt/No_Egypt/Content/StarterContent/Audio/Light02_Cue.uasset" 112
"F:/Clasess project/monogame projects/First game scraps/ThinkJump/ThinkJump/projectNoEgypt/Project No Egypt/No_Egypt/Content/StarterContent/Audio/Smoke01.uasset" 113
"F:/Clasess project/monogame projects/First game scraps/ThinkJump/ThinkJump/projectNoEgypt/Project No Egypt/No_Egypt/Content/StarterContent/Audio/Starter_Background_Cue.uasset" 114
"F:/Clasess project/monogame projects/First game scraps/ThinkJump/ThinkJump/projectNoEgypt/Project No Egypt/No_Egypt/Content/StarterContent/Audio/Starter_Birds01.uasset" 115
"F:/Clasess project/monogame projects/First game scraps/ThinkJump/ThinkJump/projectNoEgypt/Project No Egypt/No_Egypt/Content/StarterContent/Audio/Starter_Music01.uasset" 116
"F:/Clasess project/monogame projects/First game scraps/ThinkJump/ThinkJump/projectNoEgypt/Project No Egypt/No_Egypt/Content/StarterContent/Audio/Starter_Music_Cue.uasset" 117
"F:/Clasess project/monogame projects/First game scraps/ThinkJump/ThinkJump/projectNoEgypt/Project No Egypt/No_Egypt/Content/StarterContent/Audio/Starter_Wind05.uasset" 118
"F:/Clasess project/monogame projects/First game scraps/ThinkJump/ThinkJump/projectNoEgypt/Project No Egypt/No_Egypt/Content/StarterContent/Audio/Starter_Wind06.uasset" 119
"F:/Clasess project/monogame projects/First game scraps/ThinkJump/ThinkJump/projectNoEgypt/Project No Egypt/No_Egypt/Content/StarterContent/Audio/Steam01.uasset" 120
"F:/Clasess project/monogame projects/First game scraps/ThinkJump/ThinkJump/projectNoEgypt/Project No Egypt/No_Egypt/Content/StarterContent/Textures/T_Lamp_N.uasset" 121
"F:/Clasess project/monogame projects/First game scraps/ThinkJump/ThinkJump/projectNoEgypt/Project No Egypt/No_Egypt/Content/StarterContent/Textures/T_Lamp_M.uasset" 122
"F:/Clasess project/monogame projects/First game scraps/ThinkJump/ThinkJump/projectNoEgypt/Project No Egypt/No_Egypt/Content/StarterContent/Props/Materials/M_Lamp.uasset" 123
"F:/Clasess project/monogame projects/First game scraps/ThinkJump/ThinkJump/projectNoEgypt/Project No Egypt/No_Egypt/Content/StarterContent/Props/SM_Lamp_Ceiling.uasset" 124
"F:/Clasess project/monogame projects/First game scraps/ThinkJump/ThinkJump/projectNoEgypt/Project No Egypt/No_Egypt/Content/StarterContent/Blueprints/Blueprint_CeilingLight.uasset" 125
"F:/Clasess project/monogame projects/First game scraps/ThinkJump/ThinkJump/projectNoEgypt/Project No Egypt/No_Egypt/Content/StarterContent/Audio/Explosion_Cue.uasset" 126
"F:/Clasess project/monogame projects/First game scraps/ThinkJump/ThinkJump/projectNoEgypt/Project No Egypt/No_Egypt/Content/StarterContent/Blueprints/Blueprint_Effect_Explosion.uasset" 127
"F:/Clasess project/monogame projects/First game scraps/ThinkJump/ThinkJump/projectNoEgypt/Project No Egypt/No_Egypt/Content/StarterContent/Audio/Fire01_Cue.uasset" 128
"F:/Clasess project/monogame projects/First game scraps/ThinkJump/ThinkJump/projectNoEgypt/Project No Egypt/No_Egypt/Content/StarterContent/Blueprints/Blueprint_Effect_Fire.uasset" 129
"F:/Clasess project/monogame projects/First game scraps/ThinkJump/ThinkJump/projectNoEgypt/Project No Egypt/No_Egypt/Content/StarterContent/Audio/Smoke01_Cue.uasset" 130
"F:/Clasess project/monogame projects/First game scraps/ThinkJump/ThinkJump/projectNoEgypt/Project No Egypt/No_Egypt/Content/StarterContent/Blueprints/Blueprint_Effect_Smoke.uasset" 131
"F:/Clasess project/monogame projects/First game scraps/ThinkJump/ThinkJump/projectNoEgypt/Project No Egypt/No_Egypt/Content/StarterContent/Textures/T_Spark_Core.uasset" 132
"F:/Clasess project/monogame projects/First game scraps/ThinkJump/ThinkJump/projectNoEgypt/Project No Egypt/No_Egypt/Content/StarterContent/Particles/Materials/M_Spark.uasset" 133
"F:/Clasess project/monogame projects/First game scraps/ThinkJump/ThinkJump/projectNoEgypt/Project No Egypt/No_Egypt/Content/StarterContent/Particles/P_Sparks.uasset" 134
"F:/Clasess project/monogame projects/First game scraps/ThinkJump/ThinkJump/projectNoEgypt/Project No Egypt/No_Egypt/Content/StarterContent/Audio/Fire_Sparks01_Cue.uasset" 135
"F:/Clasess project/monogame projects/First game scraps/ThinkJump/ThinkJump/projectNoEgypt/Project No Egypt/No_Egypt/Content/StarterContent/Blueprints/Blueprint_Effect_Sparks.uasset" 136
"F:/Clasess project/monogame projects/First game scraps/ThinkJump/ThinkJump/projectNoEgypt/Project No Egypt/No_Egypt/Content/StarterContent/Particles/P_Steam_Lit.uasset" 137
"F:/Clasess project/monogame projects/First game scraps/ThinkJump/ThinkJump/projectNoEgypt/Project No Egypt/No_Egypt/Content/StarterContent/Audio/Steam01_Cue.uasset" 138
"F:/Clasess project/monogame projects/First game scraps/ThinkJump/ThinkJump/projectNoEgypt/Project No Egypt/No_Egypt/Content/StarterContent/Blueprints/Blueprint_Effect_Steam.uasset" 139
"F:/Clasess project/monogame projects/First game scraps/ThinkJump/ThinkJump/projectNoEgypt/Project No Egypt/No_Egypt/Content/StarterContent/Props/SM_Lamp_Wall.uasset" 140
"F:/Clasess project/monogame projects/First game scraps/ThinkJump/ThinkJump/projectNoEgypt/Project No Egypt/No_Egypt/Content/StarterContent/Blueprints/Blueprint_WallSconce.uasset" 141
"F:/Clasess project/monogame projects/First game scraps/ThinkJump/ThinkJump/projectNoEgypt/Project No Egypt/No_Egypt/Content/StarterContent/HDRI/HDRI_Epic_Courtyard_Daylight.uasset" 142
"F:/Clasess project/monogame projects/First game scraps/ThinkJump/ThinkJump/projectNoEgypt/Project No Egypt/No_Egypt/Content/StarterContent/Blueprints/Assets/SM_Arrows.uasset" 143
"../../../Engine/Content/EditorMaterials/Thumbnails/SkySphereMaterial.uasset" 144
"F:/Clasess project/monogame projects/First game scraps/ThinkJump/ThinkJump/projectNoEgypt/Project No Egypt/No_Egypt/Content/StarterContent/Blueprints/Assets/Skybox.uasset" 145
"../../../Engine/Content/MapTemplates/Sky/DaylightAmbientCubemap.uasset" 146
"F:/Clasess project/monogame projects/First game scraps/ThinkJump/ThinkJump/projectNoEgypt/Project No Egypt/No_Egypt/Content/StarterContent/Blueprints/Assets/M_LightStage_Skybox_Master.uasset" 147
"F:/Clasess project/monogame projects/First game scraps/ThinkJump/ThinkJump/projectNoEgypt/Project No Egypt/No_Egypt/Content/StarterContent/Blueprints/Assets/M_LightStage_Skybox_HDRI.uasset" 148
"F:/Clasess project/monogame projects/First game scraps/ThinkJump/ThinkJump/projectNoEgypt/Project No Egypt/No_Egypt/Content/StarterContent/Blueprints/Assets/M_LightStage_Skybox_Black.uasset" 149
"F:/Clasess project/monogame projects/First game scraps/ThinkJump/ThinkJump/projectNoEgypt/Project No Egypt/No_Egypt/Content/StarterContent/Blueprints/Assets/M_LightStage_Arrows.uasset" 150
"F:/Clasess project/monogame projects/First game scraps/ThinkJump/ThinkJump/projectNoEgypt/Project No Egypt/No_Egypt/Content/StarterContent/Blueprints/Assets/SunlightColorLUT.uasset" 151
"F:/Clasess project/monogame projects/First game scraps/ThinkJump/ThinkJump/projectNoEgypt/Project No Egypt/No_Egypt/Content/StarterContent/Blueprints/Assets/FogBrightnessLUT.uasset" 152
"F:/Clasess project/monogame projects/First game scraps/ThinkJump/ThinkJump/projectNoEgypt/Project No Egypt/No_Egypt/Content/StarterContent/Blueprints/BP_LightStudio.uasset" 153
"F:/Clasess project/monogame projects/First game scraps/ThinkJump/ThinkJump/projectNoEgypt/Project No Egypt/No_Egypt/Content/StarterContent/Textures/T_Brick_Clay_Beveled_N.uasset" 154
"F:/Clasess project/monogame projects/First game scraps/ThinkJump/ThinkJump/projectNoEgypt/Project No Egypt/No_Egypt/Content/StarterContent/Textures/T_Brick_Clay_Beveled_M.uasset" 155
"F:/Clasess project/monogame projects/First game scraps/ThinkJump/ThinkJump/projectNoEgypt/Project No Egypt/No_Egypt/Content/StarterContent/Textures/T_Brick_Clay_Beveled_D.uasset" 156
"F:/Clasess project/monogame projects/First game scraps/ThinkJump/ThinkJump/projectNoEgypt/Project No Egypt/No_Egypt/Content/StarterContent/Materials/M_Brick_Clay_Beveled.uasset" 157
"F:/Clasess project/monogame projects/First game scraps/ThinkJump/ThinkJump/projectNoEgypt/Project No Egypt/No_Egypt/Content/StarterContent/Textures/T_Detail_Rocky_N.uasset" 158
"F:/Clasess project/monogame projects/First game scraps/ThinkJump/ThinkJump/projectNoEgypt/Project No Egypt/No_Egypt/Content/StarterContent/Textures/T_Brick_Clay_New_N.uasset" 159
"F:/Clasess project/monogame projects/First game scraps/ThinkJump/ThinkJump/projectNoEgypt/Project No Egypt/No_Egypt/Content/StarterContent/Textures/T_Brick_Clay_New_M.uasset" 160
"F:/Clasess project/monogame projects/First game scraps/ThinkJump/ThinkJump/projectNoEgypt/Project No Egypt/No_Egypt/Content/StarterContent/Textures/T_Brick_Clay_New_D.uasset" 161
"F:/Clasess project/monogame projects/First game scraps/ThinkJump/ThinkJump/projectNoEgypt/Project No Egypt/No_Egypt/Content/StarterContent/Materials/M_Brick_Clay_New.uasset" 162
"F:/Clasess project/monogame projects/First game scraps/ThinkJump/ThinkJump/projectNoEgypt/Project No Egypt/No_Egypt/Content/StarterContent/Textures/T_Perlin_Noise_M.uasset" 163
"F:/Clasess project/monogame projects/First game scraps/ThinkJump/ThinkJump/projectNoEgypt/Project No Egypt/No_Egypt/Content/StarterContent/Textures/T_Brick_Clay_Old_N.uasset" 164
"F:/Clasess project/monogame projects/First game scraps/ThinkJump/ThinkJump/projectNoEgypt/Project No Egypt/No_Egypt/Content/StarterContent/Textures/T_Brick_Clay_Old_D.uasset" 165
"F:/Clasess project/monogame projects/First game scraps/ThinkJump/ThinkJump/projectNoEgypt/Project No Egypt/No_Egypt/Content/StarterContent/Materials/M_Brick_Clay_Old.uasset" 166
"F:/Clasess project/monogame projects/First game scraps/ThinkJump/ThinkJump/projectNoEgypt/Project No Egypt/No_Egypt/Content/StarterContent/Textures/T_Brick_Cut_Stone_N.uasset" 167
"F:/Clasess project/monogame projects/First game scraps/ThinkJump/ThinkJump/projectNoEgypt/Project No Egypt/No_Egypt/Content/StarterContent/Textures/T_Brick_Cut_Stone_D.uasset" 168
"F:/Clasess project/monogame projects/First game scraps/ThinkJump/ThinkJump/projectNoEgypt/Project No Egypt/No_Egypt/Content/StarterContent/Materials/M_Brick_Cut_Stone.uasset" 169
"F:/Clasess project/monogame projects/First game scraps/ThinkJump/ThinkJump/projectNoEgypt/Project No Egypt/No_Egypt/Content/StarterContent/Textures/T_Brick_Hewn_Stone_N.uasset" 170
"F:/Clasess project/monogame projects/First game scraps/ThinkJump/ThinkJump/projectNoEgypt/Project No Egypt/No_Egypt/Content/StarterContent/Textures/T_Brick_Hewn_Stone_M.uasset" 171
"F:/Clasess project/monogame projects/First game scraps/ThinkJump/ThinkJump/projectNoEgypt/Project No Egypt/No_Egypt/Content/StarterContent/Textures/T_Brick_Hewn_Stone_D.uasset" 172
"F:/Clasess project/monogame projects/First game scraps/ThinkJump/ThinkJump/projectNoEgypt/Project No Egypt/No_Egypt/Content/StarterContent/Materials/M_Brick_Hewn_Stone.uasset" 173
"F:/Clasess project/monogame projects/First game scraps/ThinkJump/ThinkJump/projectNoEgypt/Project No Egypt/No_Egypt/Content/StarterContent/Textures/T_Rock_Marble_Polished_D.uasset" 174
"F:/Clasess project/monogame projects/First game scraps/ThinkJump/ThinkJump/projectNoEgypt/Project No Egypt/No_Egypt/Content/StarterContent/Textures/T_Ceramic_Tile_N.uasset" 175
"F:/Clasess project/monogame projects/First game scraps/ThinkJump/ThinkJump/projectNoEgypt/Project No Egypt/No_Egypt/Content/StarterContent/Textures/T_Ceramic_Tile_M.uasset" 176
"F:/Clasess project/monogame projects/First game scraps/ThinkJump/ThinkJump/projectNoEgypt/Project No Egypt/No_Egypt/Content/StarterContent/Materials/M_Ceramic_Tile_Checker.uasset" 177
"F:/Clasess project/monogame projects/First game scraps/ThinkJump/ThinkJump/projectNoEgypt/Project No Egypt/No_Egypt/Content/StarterContent/Textures/T_CobbleStone_Pebble_N.uasset" 178
"F:/Clasess project/monogame projects/First game scraps/ThinkJump/ThinkJump/projectNoEgypt/Project No Egypt/No_Egypt/Content/StarterContent/Textures/T_CobbleStone_Pebble_M.uasset" 179
"F:/Clasess project/monogame projects/First game scraps/ThinkJump/ThinkJump/projectNoEgypt/Project No Egypt/No_Egypt/Content/StarterContent/Textures/T_CobbleStone_Pebble_D.uasset" 180
"F:/Clasess project/monogame projects/First game scraps/ThinkJump/ThinkJump/projectNoEgypt/Project No Egypt/No_Egypt/Content/StarterContent/Materials/M_CobbleStone_Pebble.uasset" 181
"F:/Clasess project/monogame projects/First game scraps/ThinkJump/ThinkJump/projectNoEgypt/Project No Egypt/No_Egypt/Content/StarterContent/Textures/T_Rock_Smooth_Granite_D.uasset" 182
"F:/Clasess project/monogame projects/First game scraps/ThinkJump/ThinkJump/projectNoEgypt/Project No Egypt/No_Egypt/Content/StarterContent/Textures/T_Gradinet_01.uasset" 183
"F:/Clasess project/monogame projects/First game scraps/ThinkJump/ThinkJump/projectNoEgypt/Project No Egypt/No_Egypt/Content/StarterContent/Textures/T_CobbleStone_Rough_N.uasset" 184
"F:/Clasess project/monogame projects/First game scraps/ThinkJump/ThinkJump/projectNoEgypt/Project No Egypt/No_Egypt/Content/StarterContent/Textures/T_CobbleStone_Rough_D.uasset" 185
"F:/Clasess project/monogame projects/First game scraps/ThinkJump/ThinkJump/projectNoEgypt/Project No Egypt/No_Egypt/Content/StarterContent/Materials/M_CobbleStone_Rough.uasset" 186
"F:/Clasess project/monogame projects/First game scraps/ThinkJump/ThinkJump/projectNoEgypt/Project No Egypt/No_Egypt/Content/StarterContent/Textures/T_CobbleStone_Smooth_N.uasset" 187
"F:/Clasess project/monogame projects/First game scraps/ThinkJump/ThinkJump/projectNoEgypt/Project No Egypt/No_Egypt/Content/StarterContent/Textures/T_CobbleStone_Smooth_M.uasset" 188
"F:/Clasess project/monogame projects/First game scraps/ThinkJump/ThinkJump/projectNoEgypt/Project No Egypt/No_Egypt/Content/StarterContent/Textures/T_CobbleStone_Smooth_D.uasset" 189
"F:/Clasess project/monogame projects/First game scraps/ThinkJump/ThinkJump/projectNoEgypt/Project No Egypt/No_Egypt/Content/StarterContent/Materials/M_CobbleStone_Smooth.uasset" 190
"../../../Engine/Content/EditorMeshes/ColorCalibrator/T_ColorGrid.uasset" 191
"F:/Clasess project/monogame projects/First game scraps/ThinkJump/ThinkJump/projectNoEgypt/Project No Egypt/No_Egypt/Content/StarterContent/Materials/M_ColorGrid_LowSpec.uasset" 192
"F:/Clasess project/monogame projects/First game scraps/ThinkJump/ThinkJump/projectNoEgypt/Project No Egypt/No_Egypt/Content/StarterContent/Textures/T_Metal_Rust_N.uasset" 193
"F:/Clasess project/monogame projects/First game scraps/ThinkJump/ThinkJump/projectNoEgypt/Project No Egypt/No_Egypt/Content/StarterContent/Textures/T_Concrete_Grime_D.uasset" 194
"F:/Clasess project/monogame projects/First game scraps/ThinkJump/ThinkJump/projectNoEgypt/Project No Egypt/No_Egypt/Content/StarterContent/Materials/M_Concrete_Grime.uasset" 195
"F:/Clasess project/monogame projects/First game scraps/ThinkJump/ThinkJump/projectNoEgypt/Project No Egypt/No_Egypt/Content/StarterContent/Textures/T_Concrete_Poured_N.uasset" 196
"F:/Clasess project/monogame projects/First game scraps/ThinkJump/ThinkJump/projectNoEgypt/Project No Egypt/No_Egypt/Content/StarterContent/Textures/T_Concrete_Poured_D.uasset" 197
"F:/Clasess project/monogame projects/First game scraps/ThinkJump/ThinkJump/projectNoEgypt/Project No Egypt/No_Egypt/Content/StarterContent/Materials/M_Concrete_Poured.uasset" 198
"F:/Clasess project/monogame projects/First game scraps/ThinkJump/ThinkJump/projectNoEgypt/Project No Egypt/No_Egypt/Content/StarterContent/Textures/T_Ground_Grass_N.uasset" 199
"F:/Clasess project/monogame projects/First game scraps/ThinkJump/ThinkJump/projectNoEgypt/Project No Egypt/No_Egypt/Content/StarterContent/Textures/T_Ground_Grass_D.uasset" 200
"F:/Clasess project/monogame projects/First game scraps/ThinkJump/ThinkJump/projectNoEgypt/Project No Egypt/No_Egypt/Content/StarterContent/Materials/M_Ground_Grass.uasset" 201
"F:/Clasess project/monogame projects/First game scraps/ThinkJump/ThinkJump/projectNoEgypt/Project No Egypt/No_Egypt/Content/StarterContent/Textures/T_Ground_Gravel_N.uasset" 202
"F:/Clasess project/monogame projects/First game scraps/ThinkJump/ThinkJump/projectNoEgypt/Project No Egypt/No_Egypt/Content/StarterContent/Textures/T_Ground_Gravel_D.uasset" 203
"F:/Clasess project/monogame projects/First game scraps/ThinkJump/ThinkJump/projectNoEgypt/Project No Egypt/No_Egypt/Content/StarterContent/Materials/M_Ground_Gravel.uasset" 204
"F:/Clasess project/monogame projects/First game scraps/ThinkJump/ThinkJump/projectNoEgypt/Project No Egypt/No_Egypt/Content/StarterContent/Textures/T_Ground_Moss_N.uasset" 205
"F:/Clasess project/monogame projects/First game scraps/ThinkJump/ThinkJump/projectNoEgypt/Project No Egypt/No_Egypt/Content/StarterContent/Textures/T_ground_Moss_D.uasset" 206
"F:/Clasess project/monogame projects/First game scraps/ThinkJump/ThinkJump/projectNoEgypt/Project No Egypt/No_Egypt/Content/StarterContent/Materials/M_Ground_Moss.uasset" 207
"F:/Clasess project/monogame projects/First game scraps/ThinkJump/ThinkJump/projectNoEgypt/Project No Egypt/No_Egypt/Content/StarterContent/Textures/T_Metal_Gold_N.uasset" 208
"F:/Clasess project/monogame projects/First game scraps/ThinkJump/ThinkJump/projectNoEgypt/Project No Egypt/No_Egypt/Content/StarterContent/Textures/T_Metal_Aluminum_D.uasset" 209
"F:/Clasess project/monogame projects/First game scraps/ThinkJump/ThinkJump/projectNoEgypt/Project No Egypt/No_Egypt/Content/StarterContent/Materials/M_Metal_Burnished_Steel.uasset" 210
"F:/Clasess project/monogame projects/First game scraps/ThinkJump/ThinkJump/projectNoEgypt/Project No Egypt/No_Egypt/Content/StarterContent/Materials/M_Metal_Chrome.uasset" 211
"F:/Clasess project/monogame projects/First game scraps/ThinkJump/ThinkJump/projectNoEgypt/Project No Egypt/No_Egypt/Content/StarterContent/Textures/T_Metal_Copper_D.uasset" 212
"F:/Clasess project/monogame projects/First game scraps/ThinkJump/ThinkJump/projectNoEgypt/Project No Egypt/No_Egypt/Content/StarterContent/Materials/M_Metal_Copper.uasset" 213
"F:/Clasess project/monogame projects/First game scraps/ThinkJump/ThinkJump/projectNoEgypt/Project No Egypt/No_Egypt/Content/StarterContent/Textures/T_Metal_Gold_D.uasset" 214
"F:/Clasess project/monogame projects/First game scraps/ThinkJump/ThinkJump/projectNoEgypt/Project No Egypt/No_Egypt/Content/StarterContent/Materials/M_Metal_Gold.uasset" 215
"F:/Clasess project/monogame projects/First game scraps/ThinkJump/ThinkJump/projectNoEgypt/Project No Egypt/No_Egypt/Content/StarterContent/Textures/T_Metal_Rust_D.uasset" 216
"../../../Engine/Content/Functions/Engine_MaterialFunctions02/Utility/BlendAngleCorrectedNormals.uasset" 217
"F:/Clasess project/monogame projects/First game scraps/ThinkJump/ThinkJump/projectNoEgypt/Project No Egypt/No_Egypt/Content/StarterContent/Materials/M_Metal_Rust.uasset" 218
"F:/Clasess project/monogame projects/First game scraps/ThinkJump/ThinkJump/projectNoEgypt/Project No Egypt/No_Egypt/Content/StarterContent/Textures/T_Metal_Steel_N.uasset" 219
"F:/Clasess project/monogame projects/First game scraps/ThinkJump/ThinkJump/projectNoEgypt/Project No Egypt/No_Egypt/Content/StarterContent/Textures/T_Metal_Steel_D.uasset" 220
"F:/Clasess project/monogame projects/First game scraps/ThinkJump/ThinkJump/projectNoEgypt/Project No Egypt/No_Egypt/Content/StarterContent/Materials/M_Metal_Steel.uasset" 221
"F:/Clasess project/monogame projects/First game scraps/ThinkJump/ThinkJump/projectNoEgypt/Project No Egypt/No_Egypt/Content/StarterContent/Textures/T_Rock_Basalt_N.uasset" 222
"F:/Clasess project/monogame projects/First game scraps/ThinkJump/ThinkJump/projectNoEgypt/Project No Egypt/No_Egypt/Content/StarterContent/Textures/T_Rock_Basalt_D.uasset" 223
"F:/Clasess project/monogame projects/First game scraps/ThinkJump/ThinkJump/projectNoEgypt/Project No Egypt/No_Egypt/Content/StarterContent/Materials/M_Rock_Basalt.uasset" 224
"F:/Clasess project/monogame projects/First game scraps/ThinkJump/ThinkJump/projectNoEgypt/Project No Egypt/No_Egypt/Content/StarterContent/Materials/M_Rock_Marble_Polished.uasset" 225
"F:/Clasess project/monogame projects/First game scraps/ThinkJump/ThinkJump/projectNoEgypt/Project No Egypt/No_Egypt/Content/StarterContent/Textures/T_Rock_Sandstone_N.uasset" 226
"F:/Clasess project/monogame projects/First game scraps/ThinkJump/ThinkJump/projectNoEgypt/Project No Egypt/No_Egypt/Content/StarterContent/Textures/T_Rock_Sandstone_D.uasset" 227
"F:/Clasess project/monogame projects/First game scraps/ThinkJump/ThinkJump/projectNoEgypt/Project No Egypt/No_Egypt/Content/StarterContent/Materials/M_Rock_Sandstone.uasset" 228
"F:/Clasess project/monogame projects/First game scraps/ThinkJump/ThinkJump/projectNoEgypt/Project No Egypt/No_Egypt/Content/StarterContent/Textures/T_Rock_Slate_N.uasset" 229
"F:/Clasess project/monogame projects/First game scraps/ThinkJump/ThinkJump/projectNoEgypt/Project No Egypt/No_Egypt/Content/StarterContent/Textures/T_Rock_Slate_D.uasset" 230
"F:/Clasess project/monogame projects/First game scraps/ThinkJump/ThinkJump/projectNoEgypt/Project No Egypt/No_Egypt/Content/StarterContent/Materials/M_Rock_Slate.uasset" 231
"F:/Clasess project/monogame projects/First game scraps/ThinkJump/ThinkJump/projectNoEgypt/Project No Egypt/No_Egypt/Content/StarterContent/Textures/T_Tech_Dot_N.uasset" 232
"F:/Clasess project/monogame projects/First game scraps/ThinkJump/ThinkJump/projectNoEgypt/Project No Egypt/No_Egypt/Content/StarterContent/Textures/T_Tech_Dot_M.uasset" 233
"F:/Clasess project/monogame projects/First game scraps/ThinkJump/ThinkJump/projectNoEgypt/Project No Egypt/No_Egypt/Content/StarterContent/Textures/T_Single_Tile_N.uasset" 234
"F:/Clasess project/monogame projects/First game scraps/ThinkJump/ThinkJump/projectNoEgypt/Project No Egypt/No_Egypt/Content/StarterContent/Textures/T_Checker_Noise_M.uasset" 235
"F:/Clasess project/monogame projects/First game scraps/ThinkJump/ThinkJump/projectNoEgypt/Project No Egypt/No_Egypt/Content/StarterContent/Materials/M_Tech_Checker_Dot.uasset" 236
"F:/Clasess project/monogame projects/First game scraps/ThinkJump/ThinkJump/projectNoEgypt/Project No Egypt/No_Egypt/Content/StarterContent/Textures/T_Tech_Hex_Tile_N.uasset" 237
"F:/Clasess project/monogame projects/First game scraps/ThinkJump/ThinkJump/projectNoEgypt/Project No Egypt/No_Egypt/Content/StarterContent/Textures/T_Tech_Hex_Tile_M.uasset" 238
"F:/Clasess project/monogame projects/First game scraps/ThinkJump/ThinkJump/projectNoEgypt/Project No Egypt/No_Egypt/Content/StarterContent/Materials/M_Tech_Hex_Tile.uasset" 239
"F:/Clasess project/monogame projects/First game scraps/ThinkJump/ThinkJump/projectNoEgypt/Project No Egypt/No_Egypt/Content/StarterContent/Materials/M_Tech_Hex_Tile_Pulse.uasset" 240
"F:/Clasess project/monogame projects/First game scraps/ThinkJump/ThinkJump/projectNoEgypt/Project No Egypt/No_Egypt/Content/StarterContent/Textures/T_Tech_Panel_N.uasset" 241
"F:/Clasess project/monogame projects/First game scraps/ThinkJump/ThinkJump/projectNoEgypt/Project No Egypt/No_Egypt/Content/StarterContent/Textures/T_Tech_Panel_M.uasset" 242
"F:/Clasess project/monogame projects/First game scraps/ThinkJump/ThinkJump/projectNoEgypt/Project No Egypt/No_Egypt/Content/StarterContent/Materials/M_Tech_Panel.uasset" 243
"F:/Clasess project/monogame projects/First game scraps/ThinkJump/ThinkJump/projectNoEgypt/Project No Egypt/No_Egypt/Content/StarterContent/Textures/T_Wood_Floor_Walnut_N.uasset" 244
"F:/Clasess project/monogame projects/First game scraps/ThinkJump/ThinkJump/projectNoEgypt/Project No Egypt/No_Egypt/Content/StarterContent/Textures/T_Wood_Floor_Walnut_M.uasset" 245
"F:/Clasess project/monogame projects/First game scraps/ThinkJump/ThinkJump/projectNoEgypt/Project No Egypt/No_Egypt/Content/StarterContent/Textures/T_Wood_Floor_Walnut_D.uasset" 246
"F:/Clasess project/monogame projects/First game scraps/ThinkJump/ThinkJump/projectNoEgypt/Project No Egypt/No_Egypt/Content/StarterContent/Materials/M_Wood_Floor_Walnut_Polished.uasset" 247
"../../../Engine/Content/Functions/Engine_MaterialFunctions01/Opacity/AlphaOffset.uasset" 248
"F:/Clasess project/monogame projects/First game scraps/ThinkJump/ThinkJump/projectNoEgypt/Project No Egypt/No_Egypt/Content/StarterContent/Materials/M_Wood_Floor_Walnut_Worn.uasset" 249
"F:/Clasess project/monogame projects/First game scraps/ThinkJump/ThinkJump/projectNoEgypt/Project No Egypt/No_Egypt/Content/StarterContent/Textures/T_Wood_Pine_N.uasset" 250
"F:/Clasess project/monogame projects/First game scraps/ThinkJump/ThinkJump/projectNoEgypt/Project No Egypt/No_Egypt/Content/StarterContent/Textures/T_Wood_Pine_D.uasset" 251
"F:/Clasess project/monogame projects/First game scraps/ThinkJump/ThinkJump/projectNoEgypt/Project No Egypt/No_Egypt/Content/StarterContent/Materials/M_Wood_Pine.uasset" 252
"F:/Clasess project/monogame projects/First game scraps/ThinkJump/ThinkJump/projectNoEgypt/Project No Egypt/No_Egypt/Content/StarterContent/Textures/T_Wood_Walnut_N.uasset" 253
"F:/Clasess project/monogame projects/First game scraps/ThinkJump/ThinkJump/projectNoEgypt/Project No Egypt/No_Egypt/Content/StarterContent/Textures/T_Wood_Walnut_D.uasset" 254
"F:/Clasess project/monogame projects/First game scraps/ThinkJump/ThinkJump/projectNoEgypt/Project No Egypt/No_Egypt/Content/StarterContent/Materials/M_Wood_Walnut.uasset" 255
"F:/Clasess project/monogame projects/First game scraps/ThinkJump/ThinkJump/projectNoEgypt/Project No Egypt/No_Egypt/Content/StarterContent/Textures/T_Dust_Particle_D.uasset" 256
"F:/Clasess project/monogame projects/First game scraps/ThinkJump/ThinkJump/projectNoEgypt/Project No Egypt/No_Egypt/Content/StarterContent/Particles/Materials/M_Dust_Particle.uasset" 257
"F:/Clasess project/monogame projects/First game scraps/ThinkJump/ThinkJump/projectNoEgypt/Project No Egypt/No_Egypt/Content/StarterContent/Particles/P_Ambient_Dust.uasset" 258
"F:/Clasess project/monogame projects/First game scraps/ThinkJump/ThinkJump/projectNoEgypt/Project No Egypt/No_Egypt/Content/StarterContent/Props/MaterialSphere.uasset" 259
"F:/Clasess project/monogame projects/First game scraps/ThinkJump/ThinkJump/projectNoEgypt/Project No Egypt/No_Egypt/Content/StarterContent/Textures/T_Bush_N.uasset" 260
"F:/Clasess project/monogame projects/First game scraps/ThinkJump/ThinkJump/projectNoEgypt/Project No Egypt/No_Egypt/Content/StarterContent/Textures/T_Bush_D.uasset" 261
"F:/Clasess project/monogame projects/First game scraps/ThinkJump/ThinkJump/projectNoEgypt/Project No Egypt/No_Egypt/Content/StarterContent/Props/Materials/M_Bush.uasset" 262
"F:/Clasess project/monogame projects/First game scraps/ThinkJump/ThinkJump/projectNoEgypt/Project No Egypt/No_Egypt/Content/StarterContent/Props/SM_Bush.uasset" 263
"F:/Clasess project/monogame projects/First game scraps/ThinkJump/ThinkJump/projectNoEgypt/Project No Egypt/No_Egypt/Content/StarterContent/Textures/T_Chair_N.uasset" 264
"F:/Clasess project/monogame projects/First game scraps/ThinkJump/ThinkJump/projectNoEgypt/Project No Egypt/No_Egypt/Content/StarterContent/Textures/T_Chair_M.uasset" 265
"F:/Clasess project/monogame projects/First game scraps/ThinkJump/ThinkJump/projectNoEgypt/Project No Egypt/No_Egypt/Content/StarterContent/Props/Materials/M_Chair.uasset" 266
"F:/Clasess project/monogame projects/First game scraps/ThinkJump/ThinkJump/projectNoEgypt/Project No Egypt/No_Egypt/Content/StarterContent/Props/SM_Chair.uasset" 267
"F:/Clasess project/monogame projects/First game scraps/ThinkJump/ThinkJump/projectNoEgypt/Project No Egypt/No_Egypt/Content/StarterContent/Textures/T_Frame_N.uasset" 268
"F:/Clasess project/monogame projects/First game scraps/ThinkJump/ThinkJump/projectNoEgypt/Project No Egypt/No_Egypt/Content/StarterContent/Textures/T_Frame_M.uasset" 269
"F:/Clasess project/monogame projects/First game scraps/ThinkJump/ThinkJump/projectNoEgypt/Project No Egypt/No_Egypt/Content/StarterContent/Props/Materials/M_Frame.uasset" 270
"F:/Clasess project/monogame projects/First game scraps/ThinkJump/ThinkJump/projectNoEgypt/Project No Egypt/No_Egypt/Content/StarterContent/Props/SM_CornerFrame.uasset" 271
"F:/Clasess project/monogame projects/First game scraps/ThinkJump/ThinkJump/projectNoEgypt/Project No Egypt/No_Egypt/Content/StarterContent/Props/SM_Couch.uasset" 272
"F:/Clasess project/monogame projects/First game scraps/ThinkJump/ThinkJump/projectNoEgypt/Project No Egypt/No_Egypt/Content/StarterContent/Textures/T_Door_N.uasset" 273
"F:/Clasess project/monogame projects/First game scraps/ThinkJump/ThinkJump/projectNoEgypt/Project No Egypt/No_Egypt/Content/StarterContent/Textures/T_Door_M.uasset" 274
"F:/Clasess project/monogame projects/First game scraps/ThinkJump/ThinkJump/projectNoEgypt/Project No Egypt/No_Egypt/Content/StarterContent/Props/Materials/M_Door.uasset" 275
"F:/Clasess project/monogame projects/First game scraps/ThinkJump/ThinkJump/projectNoEgypt/Project No Egypt/No_Egypt/Content/StarterContent/Materials/M_Glass.uasset" 276
"F:/Clasess project/monogame projects/First game scraps/ThinkJump/ThinkJump/projectNoEgypt/Project No Egypt/No_Egypt/Content/StarterContent/Props/SM_Door.uasset" 277
"F:/Clasess project/monogame projects/First game scraps/ThinkJump/ThinkJump/projectNoEgypt/Project No Egypt/No_Egypt/Content/StarterContent/Props/SM_DoorFrame.uasset" 278
"F:/Clasess project/monogame projects/First game scraps/ThinkJump/ThinkJump/projectNoEgypt/Project No Egypt/No_Egypt/Content/StarterContent/Props/SM_GlassWindow.uasset" 279
"F:/Clasess project/monogame projects/First game scraps/ThinkJump/ThinkJump/projectNoEgypt/Project No Egypt/No_Egypt/Content/StarterContent/Props/Materials/M_MaterialSphere_Plain.uasset" 280
"F:/Clasess project/monogame projects/First game scraps/ThinkJump/ThinkJump/projectNoEgypt/Project No Egypt/No_Egypt/Content/StarterContent/Props/Materials/M_MaterialSphere.uasset" 281
"F:/Clasess project/monogame projects/First game scraps/ThinkJump/ThinkJump/projectNoEgypt/Project No Egypt/No_Egypt/Content/StarterContent/Props/SM_MatPreviewMesh_02.uasset" 282
"F:/Clasess project/monogame projects/First game scraps/ThinkJump/ThinkJump/projectNoEgypt/Project No Egypt/No_Egypt/Content/StarterContent/Props/SM_PillarFrame.uasset" 283
"F:/Clasess project/monogame projects/First game scraps/ThinkJump/ThinkJump/projectNoEgypt/Project No Egypt/No_Egypt/Content/StarterContent/Props/SM_PillarFrame300.uasset" 284
"F:/Clasess project/monogame projects/First game scraps/ThinkJump/ThinkJump/projectNoEgypt/Project No Egypt/No_Egypt/Content/StarterContent/Textures/T_RockMesh_N.uasset" 285
"F:/Clasess project/monogame projects/First game scraps/ThinkJump/ThinkJump/projectNoEgypt/Project No Egypt/No_Egypt/Content/StarterContent/Textures/T_RockMesh_M.uasset" 286
"F:/Clasess project/monogame projects/First game scraps/ThinkJump/ThinkJump/projectNoEgypt/Project No Egypt/No_Egypt/Content/StarterContent/Props/Materials/M_Rock.uasset" 287
"F:/Clasess project/monogame projects/First game scraps/ThinkJump/ThinkJump/projectNoEgypt/Project No Egypt/No_Egypt/Content/StarterContent/Props/SM_Rock.uasset" 288
"F:/Clasess project/monogame projects/First game scraps/ThinkJump/ThinkJump/projectNoEgypt/Project No Egypt/No_Egypt/Content/StarterContent/Textures/T_Shelf_N.uasset" 289
"F:/Clasess project/monogame projects/First game scraps/ThinkJump/ThinkJump/projectNoEgypt/Project No Egypt/No_Egypt/Content/StarterContent/Textures/T_Shelf_M.uasset" 290
"F:/Clasess project/monogame projects/First game scraps/ThinkJump/ThinkJump/projectNoEgypt/Project No Egypt/No_Egypt/Content/StarterContent/Props/Materials/M_Shelf.uasset" 291
"F:/Clasess project/monogame projects/First game scraps/ThinkJump/ThinkJump/projectNoEgypt/Project No Egypt/No_Egypt/Content/StarterContent/Props/SM_Shelf.uasset" 292
"F:/Clasess project/monogame projects/First game scraps/ThinkJump/ThinkJump/projectNoEgypt/Project No Egypt/No_Egypt/Content/StarterContent/Props/SM_Stairs.uasset" 293
"F:/Clasess project/monogame projects/First game scraps/ThinkJump/ThinkJump/projectNoEgypt/Project No Egypt/No_Egypt/Content/StarterContent/Textures/T_Statue_N.uasset" 294
"F:/Clasess project/monogame projects/First game scraps/ThinkJump/ThinkJump/projectNoEgypt/Project No Egypt/No_Egypt/Content/StarterContent/Textures/T_Statue_M.uasset" 295
"F:/Clasess project/monogame projects/First game scraps/ThinkJump/ThinkJump/projectNoEgypt/Project No Egypt/No_Egypt/Content/StarterContent/Props/Materials/M_StatueGlass.uasset" 296
"F:/Clasess project/monogame projects/First game scraps/ThinkJump/ThinkJump/projectNoEgypt/Project No Egypt/No_Egypt/Content/StarterContent/Props/Materials/M_Statue.uasset" 297
"F:/Clasess project/monogame projects/First game scraps/ThinkJump/ThinkJump/projectNoEgypt/Project No Egypt/No_Egypt/Content/StarterContent/Props/SM_Statue.uasset" 298
"F:/Clasess project/monogame projects/First game scraps/ThinkJump/ThinkJump/projectNoEgypt/Project No Egypt/No_Egypt/Content/StarterContent/Textures/T_TableRound_N.uasset" 299
"F:/Clasess project/monogame projects/First game scraps/ThinkJump/ThinkJump/projectNoEgypt/Project No Egypt/No_Egypt/Content/StarterContent/Textures/T_TableRound_M.uasset" 300
"F:/Clasess project/monogame projects/First game scraps/ThinkJump/ThinkJump/projectNoEgypt/Project No Egypt/No_Egypt/Content/StarterContent/Props/Materials/M_TableRound.uasset" 301
"F:/Clasess project/monogame projects/First game scraps/ThinkJump/ThinkJump/projectNoEgypt/Project No Egypt/No_Egypt/Content/StarterContent/Props/SM_TableRound.uasset" 302
"F:/Clasess project/monogame projects/First game scraps/ThinkJump/ThinkJump/projectNoEgypt/Project No Egypt/No_Egypt/Content/StarterContent/Props/SM_WindowFrame.uasset" 303
"F:/Clasess project/monogame projects/First game scraps/ThinkJump/ThinkJump/projectNoEgypt/Project No Egypt/No_Egypt/Content/StarterContent/Shapes/Shape_Cone.uasset" 304
"F:/Clasess project/monogame projects/First game scraps/ThinkJump/ThinkJump/projectNoEgypt/Project No Egypt/No_Egypt/Content/StarterContent/Shapes/Shape_Cylinder.uasset" 305
"F:/Clasess project/monogame projects/First game scraps/ThinkJump/ThinkJump/projectNoEgypt/Project No Egypt/No_Egypt/Content/StarterContent/Shapes/Shape_NarrowCapsule.uasset" 306
"F:/Clasess project/monogame projects/First game scraps/ThinkJump/ThinkJump/projectNoEgypt/Project No Egypt/No_Egypt/Content/StarterContent/Shapes/Shape_Pipe.uasset" 307
"F:/Clasess project/monogame projects/First game scraps/ThinkJump/ThinkJump/projectNoEgypt/Project No Egypt/No_Egypt/Content/StarterContent/Shapes/Shape_Pipe_180.uasset" 308
"F:/Clasess project/monogame projects/First game scraps/ThinkJump/ThinkJump/projectNoEgypt/Project No Egypt/No_Egypt/Content/StarterContent/Shapes/Shape_Pipe_90.uasset" 309
"F:/Clasess project/monogame projects/First game scraps/ThinkJump/ThinkJump/projectNoEgypt/Project No Egypt/No_Egypt/Content/StarterContent/Shapes/Shape_Plane.uasset" 310
"F:/Clasess project/monogame projects/First game scraps/ThinkJump/ThinkJump/projectNoEgypt/Project No Egypt/No_Egypt/Content/StarterContent/Shapes/Shape_QuadPyramid.uasset" 311
"F:/Clasess project/monogame projects/First game scraps/ThinkJump/ThinkJump/projectNoEgypt/Project No Egypt/No_Egypt/Content/StarterContent/Shapes/Shape_Sphere.uasset" 312
"F:/Clasess project/monogame projects/First game scraps/ThinkJump/ThinkJump/projectNoEgypt/Project No Egypt/No_Egypt/Content/StarterContent/Shapes/Shape_Torus.uasset" 313
"F:/Clasess project/monogame projects/First game scraps/ThinkJump/ThinkJump/projectNoEgypt/Project No Egypt/No_Egypt/Content/StarterContent/Shapes/Shape_Trim.uasset" 314
"F:/Clasess project/monogame projects/First game scraps/ThinkJump/ThinkJump/projectNoEgypt/Project No Egypt/No_Egypt/Content/StarterContent/Shapes/Shape_Trim_90_In.uasset" 315
"F:/Clasess project/monogame projects/First game scraps/ThinkJump/ThinkJump/projectNoEgypt/Project No Egypt/No_Egypt/Content/StarterContent/Shapes/Shape_Trim_90_Out.uasset" 316
"F:/Clasess project/monogame projects/First game scraps/ThinkJump/ThinkJump/projectNoEgypt/Project No Egypt/No_Egypt/Content/StarterContent/Shapes/Shape_TriPyramid.uasset" 317
"F:/Clasess project/monogame projects/First game scraps/ThinkJump/ThinkJump/projectNoEgypt/Project No Egypt/No_Egypt/Content/StarterContent/Shapes/Shape_Tube.uasset" 318
"F:/Clasess project/monogame projects/First game scraps/ThinkJump/ThinkJump/projectNoEgypt/Project No Egypt/No_Egypt/Content/StarterContent/Shapes/Shape_Wedge_A.uasset" 319
"F:/Clasess project/monogame projects/First game scraps/ThinkJump/ThinkJump/projectNoEgypt/Project No Egypt/No_Egypt/Content/StarterContent/Shapes/Shape_Wedge_B.uasset" 320
"F:/Clasess project/monogame projects/First game scraps/ThinkJump/ThinkJump/projectNoEgypt/Project No Egypt/No_Egypt/Content/StarterContent/Shapes/Shape_WideCapsule.uasset" 321
"F:/Clasess project/monogame projects/First game scraps/ThinkJump/ThinkJump/projectNoEgypt/Project No Egypt/No_Egypt/Content/Textures/BallChanger_Albedo.uasset" 322
"F:/Clasess project/monogame projects/First game scraps/ThinkJump/ThinkJump/projectNoEgypt/Project No Egypt/No_Egypt/Content/Textures/LevelholeNoise1.uasset" 323
"F:/Clasess project/monogame projects/First game scraps/ThinkJump/ThinkJump/projectNoEgypt/Project No Egypt/No_Egypt/Content/Textures/LevelholeNoise2.uasset" 324
"../../../Engine/Content/ArtTools/RenderToTexture/Meshes/S_1_Unit_Plane.uasset" 325
"../../../Engine/Content/EngineMaterials/DefaultMaterial.uasset" 326
"../../../Engine/Content/BasicShapes/Cone.uasset" 327
"../../../Engine/Content/BasicShapes/Cylinder.uasset" 328
"../../../Engine/Content/BasicShapes/Sphere.uasset" 329
"../../../Engine/Content/EditorLandscapeResources/DataLayer.uasset" 330
"../../../Engine/Content/EditorLandscapeResources/DefaultAlphaTexture.uasset" 331
"../../../Engine/Content/EditorMaterials/MAT_Groups_Toggle.uasset" 332
"../../../Engine/Content/EditorMaterials/MAT_Groups_Visibility.uasset" 333
"../../../Engine/Content/EditorMaterials/PreviewShadowIndicator.uasset" 334
"../../../Engine/Content/EditorMaterials/PreviewShadowIndicatorMaterial.uasset" 335
"../../../Engine/Content/EditorMaterials/MatineeGroups/MAT_ColorTrack.uasset" 336
"../../../Engine/Content/EditorMaterials/MatineeGroups/MAT_Groups_Anim.uasset" 337
"../../../Engine/Content/EditorMaterials/MatineeGroups/MAT_Groups_AudioMaster.uasset" 338
"../../../Engine/Content/EditorMaterials/MatineeGroups/MAT_Groups_Director.uasset" 339
"../../../Engine/Content/EditorMaterials/MatineeGroups/MAT_Groups_Event.uasset" 340
"../../../Engine/Content/EditorMaterials/MatineeGroups/MAT_Groups_Fade.uasset" 341
"../../../Engine/Content/EditorMaterials/MatineeGroups/MAT_Groups_Float.uasset" 342
"../../../Engine/Content/EditorMaterials/MatineeGroups/MAT_Groups_Move.uasset" 343
"../../../Engine/Content/EditorMaterials/MatineeGroups/MAT_Groups_Slomo.uasset" 344
"../../../Engine/Content/EditorMaterials/MatineeGroups/MAT_Groups_Sound.uasset" 345
"../../../Engine/Content/EditorMaterials/MatineeGroups/MAT_Groups_Vector.uasset" 346
"../../../Engine/Content/EditorMaterials/ParticleSystems/PSysThumbnail_NoImage.uasset" 347
"../../../Engine/Content/EditorMaterials/ParticleSystems/PSysThumbnail_OOD.uasset" 348
"../../../Engine/Content/EditorMaterials/Camera/CineMat.uasset" 349
"../../../Engine/Content/EditorMaterials/Camera/MI_CineMat_Rig.uasset" 350
"../../../Engine/Content/EditorMeshes/Camera/SM_CraneRig_Arm.uasset" 351
"../../../Engine/Content/EditorMeshes/Camera/SM_CraneRig_Base.uasset" 352
"../../../Engine/Content/EditorMeshes/Camera/SM_CraneRig_Body.uasset" 353
"../../../Engine/Content/EditorMeshes/Camera/SM_CraneRig_Mount.uasset" 354
"../../../Engine/Content/EditorMeshes/Camera/SM_RailRig_Mount.uasset" 355
"../../../Engine/Content/EditorMeshes/Camera/SM_RailRig_Track.uasset" 356
"../../../Engine/Content/EditorResources/BSPVertex.uasset" 357
"../../../Engine/Content/EditorResources/EmptyActor.uasset" 358
"../../../Engine/Content/EditorResources/S_Actor.uasset" 359
"../../../Engine/Content/EditorResources/S_Note.uasset" 360
"../../../Engine/Content/EditorResources/S_Solver.uasset" 361
"../../../Engine/Content/EditorResources/S_Terrain.uasset" 362
"../../../Engine/Content/EditorResources/S_Trigger.uasset" 363
"../../../Engine/Content/EditorResources/AudioIcons/S_AudioComponent.uasset" 364
"../../../Engine/Content/EditorResources/AudioIcons/S_AudioComponent_AutoActivate.uasset" 365
"../../../Engine/Content/EditorResources/LightIcons/S_LightError.uasset" 366
"../../../Engine/Content/EditorResources/SequenceRecorder/Countdown.uasset" 367
"../../../Engine/Content/EditorResources/SequenceRecorder/RecordingIndicator.uasset" 368
"../../../Engine/Content/EngineDamageTypes/DmgTypeBP_Environmental.uasset" 369
"../../../Engine/Content/EngineDebugMaterials/DebugEditorMaterial.uasset" 370
"../../../Engine/Content/EngineDebugMaterials/DebugMeshMaterial.uasset" 371
"../../../Engine/Content/EngineDebugMaterials/M_SimpleUnlitTranslucent.uasset" 372
"../../../Engine/Content/EngineDebugMaterials/VolumeToRender.uasset" 373
"../../../Engine/Content/EngineDebugMaterials/M_VolumeRenderSphereTracePP.uasset" 374
"../../../Engine/Content/EngineFonts/Faces/RobotoRegular.uasset" 375
"../../../Engine/Content/EngineFonts/Faces/RobotoLight.uasset" 376
"../../../Engine/Content/EngineFonts/Faces/RobotoItalic.uasset" 377
"../../../Engine/Content/EngineFonts/Faces/RobotoBoldItalic.uasset" 378
"../../../Engine/Content/EngineFonts/Faces/RobotoBold.uasset" 379
"../../../Engine/Content/EngineFonts/Faces/DroidSansFallback.uasset" 380
"../../../Engine/Content/EngineFonts/Roboto.uasset" 381
"../../../Engine/Content/EngineMaterials/BaseFlattenNormalMap.uasset" 382
"../../../Engine/Content/EngineMaterials/BaseFlattenGrayscaleMap.uasset" 383
"../../../Engine/Content/EngineMaterials/BaseFlattenEmissiveMap.uasset" 384
"../../../Engine/Content/EngineMaterials/BaseFlattenDiffuseMap.uasset" 385
"../../../Engine/Content/EngineMaterials/BaseFlattenMaterial.uasset" 386
"../../../Engine/Content/EngineMaterials/BlueNoise.uasset" 387
"../../../Engine/Content/EngineMaterials/DefaultBloomKernel.uasset" 388
"../../../Engine/Content/EngineMaterials/DefaultBokeh.uasset" 389
"../../../Engine/Content/EngineMaterials/DefaultDiffuse.uasset" 390
"../../../Engine/Content/EngineMaterials/DefaultDeferredDecalMaterial.uasset" 391
"../../../Engine/Content/EngineMaterials/DefaultLightFunctionMaterial.uasset" 392
"../../../Engine/Content/EngineMaterials/DefaultPhysicalMaterial.uasset" 393
"../../../Engine/Content/Functions/Engine_MaterialFunctions02/Utility/BreakOutFloat2Components.uasset" 394
"../../../Engine/Content/EngineMaterials/DefaultPostProcessMaterial.uasset" 395
"../../../Engine/Content/EngineFonts/RobotoDistanceField.uasset" 396
"../../../Engine/Content/EngineMaterials/DefaultTextMaterialOpaque.uasset" 397
"../../../Engine/Content/EngineMaterials/DefaultWhiteGrid.uasset" 398
"../../../Engine/Content/EngineMaterials/DefaultWhiteGrid_Low.uasset" 399
"../../../Engine/Content/EngineMaterials/EmissiveMeshMaterial.uasset" 400
"../../../Engine/Content/EngineMaterials/GizmoMaterial.uasset" 401
"../../../Engine/Content/EngineMaterials/Good64x64TilingNoiseHighFreq.uasset" 402
"../../../Engine/Content/EngineMaterials/MiniFont.uasset" 403
"../../../Engine/Content/EngineMaterials/InvalidLightmapSettings.uasset" 404
"../../../Engine/Content/EngineMaterials/M_InvalidLightmapSettings.uasset" 405
"../../../Engine/Content/Functions/Engine_MaterialFunctions02/WorldPositionOffset/CameraOffset.uasset" 406
"../../../Engine/Content/EngineMaterials/PhAT_JointLimitMaterial.uasset" 407
"../../../Engine/Content/EngineMaterials/PreintegratedSkinBRDF.uasset" 408
"../../../Engine/Content/EngineMaterials/RemoveSurfaceMaterial.uasset" 409
"../../../Engine/Content/EngineMaterials/WeightMapPlaceholderTexture.uasset" 410
"../../../Engine/Content/EngineResources/WhiteSquareTexture.uasset" 411
"../../../Engine/Content/EngineMaterials/Widget3DPassThrough.uasset" 412
"../../../Engine/Content/EngineMaterials/Widget3DPassThrough_Masked.uasset" 413
"../../../Engine/Content/EngineMaterials/Widget3DPassThrough_Opaque.uasset" 414
"../../../Engine/Content/EngineMaterials/Widget3DPassThrough_Masked_OneSided.uasset" 415
"../../../Engine/Content/EngineMaterials/Widget3DPassThrough_Opaque_OneSided.uasset" 416
"../../../Engine/Content/EngineMaterials/Widget3DPassThrough_Translucent.uasset" 417
"../../../Engine/Content/EngineMaterials/Widget3DPassThrough_Translucent_OneSided.uasset" 418
"../../../Engine/Content/EngineMeshes/Sphere.uasset" 419
"../../../Engine/Content/EngineResources/Black.uasset" 420
"../../../Engine/Content/EngineResources/DefaultTexture.uasset" 421
"../../../Engine/Content/EngineResources/DefaultTextureCube.uasset" 422
"../../../Engine/Content/EngineResources/DefaultVolumeTexture2D.uasset" 423
"../../../Engine/Content/EngineResources/DefaultVolumeTexture.uasset" 424
"../../../Engine/Content/EngineResources/GradientTexture0.uasset" 425
"../../../Engine/Content/EngineSky/VolumetricClouds/T_NoiseShape64.uasset" 426
"../../../Engine/Content/EngineSky/VolumetricClouds/T_VolumeNoiseShape64.uasset" 427
"../../../Engine/Content/EngineSky/VolumetricClouds/T_NoiseErosion.uasset" 428
"../../../Engine/Content/EngineSky/VolumetricClouds/T_VolumeNoiseErosion32.uasset" 429
"../../../Engine/Content/EngineSky/VolumetricClouds/CloudWeatherTexture.uasset" 430
"../../../Engine/Content/EngineSky/VolumetricClouds/CloudGradientTexture.uasset" 431
"../../../Engine/Content/Functions/Engine_MaterialFunctions02/Utility/MakeFloat2.uasset" 432
"../../../Engine/Content/EngineSky/VolumetricClouds/m_SimpleVolumetricCloud.uasset" 433
"../../../Engine/Content/EngineSky/VolumetricClouds/m_SimpleVolumetricCloud_Inst.uasset" 434
"../../../Engine/Content/EngineSounds/Master.uasset" 435
"../../../Engine/Content/Functions/Engine_MaterialFunctions01/Shading/ConvertFromDiffSpec.uasset" 436
"../../../Engine/Content/Functions/Engine_MaterialFunctions01/Shading/PowerToRoughness.uasset" 437
"../../../Engine/Content/Maps/Templates/Thumbnails/Default.uasset" 438
"../../../Engine/Content/Maps/Templates/Thumbnails/TimeOfDay.uasset" 439
"../../../Engine/Content/Maps/Templates/Thumbnails/VR-Basic.uasset" 440
"../../../Engine/Content/MobileResources/T_MobileControls_texture.uasset" 441
"../../../Engine/Content/MobileResources/T_MobileMenu2.uasset" 442
"../../../Engine/Content/MobileResources/HUD/AnalogHat.uasset" 443
"../../../Engine/Content/MobileResources/HUD/VirtualJoystick_Thumb.uasset" 444
"../../../Engine/Content/MobileResources/HUD/VirtualJoystick_Background.uasset" 445
"../../../Engine/Content/MobileResources/HUD/DefaultVirtualJoysticks.uasset" 446
"../../../Engine/Content/MobileResources/HUD/LeftVirtualJoystickOnly.uasset" 447
"../../../Engine/Content/MobileResources/HUD/MobileHUDButton1_off.uasset" 448
"../../../Engine/Content/MobileResources/HUD/MobileHUDButton1_on.uasset" 449
"../../../Engine/Content/MobileResources/HUD/MobileHUDButton2_off.uasset" 450
"../../../Engine/Content/MobileResources/HUD/MobileHUDButton2_on.uasset" 451
"../../../Engine/Content/MobileResources/HUD/MobileHUDButton3.uasset" 452
"../../../Engine/Content/MobileResources/HUD/MobileHUDButtonFire.uasset" 453
"../../../Engine/Content/MobileResources/HUD/MobileHUDDirectionPad.uasset" 454
"../../../Engine/Content/MobileResources/HUD/MobileHUDDirectionPad2.uasset" 455
"../../../Engine/Content/MobileResources/HUD/MobileHUDDirectionPad3.uasset" 456
"../../../Engine/Content/MobileResources/HUD/MobileHUDDirectionStick.uasset" 457
"../../../Engine/Content/MobileResources/HUD/T_Castle_ThumbstickInner.uasset" 458
"../../../Engine/Content/MobileResources/HUD/T_Castle_ThumbstickOutter.uasset" 459
"../../../Engine/Content/Tutorial/ContentIntroCurve.uasset" 460
"../../../Engine/Content/Tutorial/Basics/LevelEditorAttract.uasset" 461
"../../../Engine/Content/Tutorial/Basics/TutorialAssets/icon_tab_Levels_40x.uasset" 462
"../../../Engine/Content/Tutorial/Basics/LevelEditorOverview.uasset" 463
"../../../Engine/Content/Tutorial/SubEditors/MaterialEditorTutorial.uasset" 464
"../../../Engine/Content/Tutorial/SubEditors/TutorialAssets/TutorialMaterial.uasset" 465
"../../../Engine/Content/VREditor/TransformGizmo/TranslucentTransformGizmoMaterial.uasset" 466
"../../../Engine/Content/VREditor/LaserPointer/VR_LaserPower_01.uasset" 467
"../../../Engine/Content/VREditor/TransformGizmo/TransformGizmoMaterial.uasset" 468
"../../../Engine/Content/VREditor/TransformGizmo/BoundingBoxCorner.uasset" 469
"../../../Engine/Content/VREditor/TransformGizmo/BoundingBoxEdge.uasset" 470
"../../../Engine/Content/VREditor/TransformGizmo/PlaneTranslationHandle.uasset" 471
"../../../Engine/Content/VREditor/TransformGizmo/Xray.uasset" 472
"../../../Engine/Content/VREditor/TransformGizmo/Main.uasset" 473
"../../../Engine/Content/VREditor/TransformGizmo/SM_Sequencer_Key.uasset" 474
"../../../Engine/Content/VREditor/TransformGizmo/SM_Sequencer_Node.uasset" 475
"../../Plugins/2D/Paper2D/Content/PlaceholderTextures/DummySpriteTexture.uasset" 476
"../../Plugins/2D/Paper2D/Content/DummySprite.uasset" 477
"../../Plugins/2D/Paper2D/Content/DefaultPaperTerrainMaterial.uasset" 478
"../../Plugins/2D/Paper2D/Content/DefaultSpriteMaterial.uasset" 479
"../../Plugins/2D/Paper2D/Content/MaskedUnlitSpriteMaterial.uasset" 480
"../../Plugins/2D/Paper2D/Content/OpaqueUnlitSpriteMaterial.uasset" 481
"F:/Clasess project/monogame projects/First game scraps/ThinkJump/ThinkJump/projectNoEgypt/Project No Egypt/No_Egypt/Content/Textures/PixelWall_Normal.uasset" 482
"F:/Clasess project/monogame projects/First game scraps/ThinkJump/ThinkJump/projectNoEgypt/Project No Egypt/No_Egypt/Content/Textures/PixelWall_Height.uasset" 483
"F:/Clasess project/monogame projects/First game scraps/ThinkJump/ThinkJump/projectNoEgypt/Project No Egypt/No_Egypt/Content/Textures/PixelWall_Albedo.uasset" 484
"F:/Clasess project/monogame projects/First game scraps/ThinkJump/ThinkJump/projectNoEgypt/Project No Egypt/No_Egypt/Content/Materials/PixelStone.uasset" 485
"F:/Clasess project/monogame projects/First game scraps/ThinkJump/ThinkJump/projectNoEgypt/Project No Egypt/No_Egypt/Content/Textures/FloorTileVine2_Normal.uasset" 486
"F:/Clasess project/monogame projects/First game scraps/ThinkJump/ThinkJump/projectNoEgypt/Project No Egypt/No_Egypt/Content/Textures/FloorTileVine2_Height.uasset" 487
"F:/Clasess project/monogame projects/First game scraps/ThinkJump/ThinkJump/projectNoEgypt/Project No Egypt/No_Egypt/Content/Textures/FloorTileVine2_Albedo.uasset" 488
"F:/Clasess project/monogame projects/First game scraps/ThinkJump/ThinkJump/projectNoEgypt/Project No Egypt/No_Egypt/Content/Materials/FloorTileVine_2.uasset" 489
"F:/Clasess project/monogame projects/First game scraps/ThinkJump/ThinkJump/projectNoEgypt/Project No Egypt/No_Egypt/Content/Textures/FloorTileVnie_Height.uasset" 490
"F:/Clasess project/monogame projects/First game scraps/ThinkJump/ThinkJump/projectNoEgypt/Project No Egypt/No_Egypt/Content/Textures/FloorTileVine_Normal.uasset" 491
"F:/Clasess project/monogame projects/First game scraps/ThinkJump/ThinkJump/projectNoEgypt/Project No Egypt/No_Egypt/Content/Textures/FloorTileVine_Albedo.uasset" 492
"F:/Clasess project/monogame projects/First game scraps/ThinkJump/ThinkJump/projectNoEgypt/Project No Egypt/No_Egypt/Content/Materials/FloorTileVine.uasset" 493
"F:/Clasess project/monogame projects/First game scraps/ThinkJump/ThinkJump/projectNoEgypt/Project No Egypt/No_Egypt/Content/Textures/Ceiling_Normal.uasset" 494
"F:/Clasess project/monogame projects/First game scraps/ThinkJump/ThinkJump/projectNoEgypt/Project No Egypt/No_Egypt/Content/Textures/Ceiling_Height.uasset" 495
"F:/Clasess project/monogame projects/First game scraps/ThinkJump/ThinkJump/projectNoEgypt/Project No Egypt/No_Egypt/Content/Textures/Ceiling_Albedo.uasset" 496
"F:/Clasess project/monogame projects/First game scraps/ThinkJump/ThinkJump/projectNoEgypt/Project No Egypt/No_Egypt/Content/Materials/Ceiling.uasset" 497
"F:/Clasess project/monogame projects/First game scraps/ThinkJump/ThinkJump/projectNoEgypt/Project No Egypt/No_Egypt/Content/Models/Vase_1.uasset" 498
"F:/Clasess project/monogame projects/First game scraps/ThinkJump/ThinkJump/projectNoEgypt/Project No Egypt/No_Egypt/Content/StarterContent/Textures/T_Concrete_Panels_N.uasset" 499
"F:/Clasess project/monogame projects/First game scraps/ThinkJump/ThinkJump/projectNoEgypt/Project No Egypt/No_Egypt/Content/StarterContent/Textures/T_Concrete_Panels_D.uasset" 500
"F:/Clasess project/monogame projects/First game scraps/ThinkJump/ThinkJump/projectNoEgypt/Project No Egypt/No_Egypt/Content/StarterContent/Materials/M_Concrete_Panels.uasset" 501
"F:/Clasess project/monogame projects/First game scraps/ThinkJump/ThinkJump/projectNoEgypt/Project No Egypt/No_Egypt/Content/Blueprints/Vase1.uasset" 502
"F:/Clasess project/monogame projects/First game scraps/ThinkJump/ThinkJump/projectNoEgypt/Project No Egypt/No_Egypt/Content/Models/Spikes.uasset" 503
"F:/Clasess project/monogame projects/First game scraps/ThinkJump/ThinkJump/projectNoEgypt/Project No Egypt/No_Egypt/Content/Textures/spikes.uasset" 504
"../../../Engine/Content/Functions/Engine_MaterialFunctions01/Gradient/LinearGradient.uasset" 505
"../../../Engine/Content/Functions/Engine_MaterialFunctions01/ImageAdjustment/CheapContrast.uasset" 506
"../../../Engine/Content/Functions/Engine_MaterialFunctions01/Texturing/WorldAlignedTexture.uasset" 507
"F:/Clasess project/monogame projects/First game scraps/ThinkJump/ThinkJump/projectNoEgypt/Project No Egypt/No_Egypt/Content/Materials/spikes.uasset" 508
"F:/Clasess project/monogame projects/First game scraps/ThinkJump/ThinkJump/projectNoEgypt/Project No Egypt/No_Egypt/Content/Blueprints/Spikes.uasset" 509
"../../../Engine/Content/BasicShapes/Plane.uasset" 510
"F:/Clasess project/monogame projects/First game scraps/ThinkJump/ThinkJump/projectNoEgypt/Project No Egypt/No_Egypt/Content/Models/level_hole.uasset" 511
"F:/Clasess project/monogame projects/First game scraps/ThinkJump/ThinkJump/projectNoEgypt/Project No Egypt/No_Egypt/Content/Materials/Levelhole.uasset" 512
"F:/Clasess project/monogame projects/First game scraps/ThinkJump/ThinkJump/projectNoEgypt/Project No Egypt/No_Egypt/Content/Textures/grey1.uasset" 513
"F:/Clasess project/monogame projects/First game scraps/ThinkJump/ThinkJump/projectNoEgypt/Project No Egypt/No_Egypt/Content/Materials/grey1.uasset" 514
"F:/Clasess project/monogame projects/First game scraps/ThinkJump/ThinkJump/projectNoEgypt/Project No Egypt/No_Egypt/Content/Blueprints/LevelHole.uasset" 515
"F:/Clasess project/monogame projects/First game scraps/ThinkJump/ThinkJump/projectNoEgypt/Project No Egypt/No_Egypt/Content/Levels/2nd_floor.umap" 516
"F:/Clasess project/monogame projects/First game scraps/ThinkJump/ThinkJump/projectNoEgypt/Project No Egypt/No_Egypt/Content/StarterContent/Shapes/Shape_Cube.uasset" 517
"F:/Clasess project/monogame projects/First game scraps/ThinkJump/ThinkJump/projectNoEgypt/Project No Egypt/No_Egypt/Content/Models/Cobwebs.uasset" 518
"F:/Clasess project/monogame projects/First game scraps/ThinkJump/ThinkJump/projectNoEgypt/Project No Egypt/No_Egypt/Content/StarterContent/Textures/T_Water_M.uasset" 519
"F:/Clasess project/monogame projects/First game scraps/ThinkJump/ThinkJump/projectNoEgypt/Project No Egypt/No_Egypt/Content/StarterContent/Materials/M_Water_Ocean.uasset" 520
"F:/Clasess project/monogame projects/First game scraps/ThinkJump/ThinkJump/projectNoEgypt/Project No Egypt/No_Egypt/Content/Levels/3th_floor_BuiltData.uasset" 521
"F:/Clasess project/monogame projects/First game scraps/ThinkJump/ThinkJump/projectNoEgypt/Project No Egypt/No_Egypt/Content/Models/Aztech_Lion.uasset" 522
"F:/Clasess project/monogame projects/First game scraps/ThinkJump/ThinkJump/projectNoEgypt/Project No Egypt/No_Egypt/Content/Blueprints/lion.uasset" 523
"F:/Clasess project/monogame projects/First game scraps/ThinkJump/ThinkJump/projectNoEgypt/Project No Egypt/No_Egypt/Content/Models/column.uasset" 524
"F:/Clasess project/monogame projects/First game scraps/ThinkJump/ThinkJump/projectNoEgypt/Project No Egypt/No_Egypt/Content/Blueprints/column.uasset" 525
"F:/Clasess project/monogame projects/First game scraps/ThinkJump/ThinkJump/projectNoEgypt/Project No Egypt/No_Egypt/Content/Models/altar.uasset" 526
"F:/Clasess project/monogame projects/First game scraps/ThinkJump/ThinkJump/projectNoEgypt/Project No Egypt/No_Egypt/Content/Blueprints/altar.uasset" 527
"F:/Clasess project/monogame projects/First game scraps/ThinkJump/ThinkJump/projectNoEgypt/Project No Egypt/No_Egypt/Content/Levels/3th_floor.umap" 528
"F:/Clasess project/monogame projects/First game scraps/ThinkJump/ThinkJump/projectNoEgypt/Project No Egypt/No_Egypt/Content/Levels/DefaultLevel_BuiltData.uasset" 529
"F:/Clasess project/monogame projects/First game scraps/ThinkJump/ThinkJump/projectNoEgypt/Project No Egypt/No_Egypt/Content/Models/Wall_Torch.uasset" 530
"F:/Clasess project/monogame projects/First game scraps/ThinkJump/ThinkJump/projectNoEgypt/Project No Egypt/No_Egypt/Content/Textures/Wall_Torch_Metallic.uasset" 531
"F:/Clasess project/monogame projects/First game scraps/ThinkJump/ThinkJump/projectNoEgypt/Project No Egypt/No_Egypt/Content/Textures/Wall_Torch_Base_Color.uasset" 532
"F:/Clasess project/monogame projects/First game scraps/ThinkJump/ThinkJump/projectNoEgypt/Project No Egypt/No_Egypt/Content/Materials/Wall_torch.uasset" 533
"F:/Clasess project/monogame projects/First game scraps/ThinkJump/ThinkJump/projectNoEgypt/Project No Egypt/No_Egypt/Content/Blueprints/Wall_Torch_Blueprint.uasset" 534
"F:/Clasess project/monogame projects/First game scraps/ThinkJump/ThinkJump/projectNoEgypt/Project No Egypt/No_Egypt/Content/Models/slope.uasset" 535
"F:/Clasess project/monogame projects/First game scraps/ThinkJump/ThinkJump/projectNoEgypt/Project No Egypt/No_Egypt/Content/Blueprints/slope.uasset" 536
"F:/Clasess project/monogame projects/First game scraps/ThinkJump/ThinkJump/projectNoEgypt/Project No Egypt/No_Egypt/Content/Blueprints/respawnCheckpoint.uasset" 537
"F:/Clasess project/monogame projects/First game scraps/ThinkJump/ThinkJump/projectNoEgypt/Project No Egypt/No_Egypt/Content/Blueprints/finishingLIne.uasset" 538
"F:/Clasess project/monogame projects/First game scraps/ThinkJump/ThinkJump/projectNoEgypt/Project No Egypt/No_Egypt/Content/Blueprints/CamHeightSetter.uasset" 539
"F:/Clasess project/monogame projects/First game scraps/ThinkJump/ThinkJump/projectNoEgypt/Project No Egypt/No_Egypt/Content/Levels/DefaultLevel.umap" 540
"F:/Clasess project/monogame projects/First game scraps/ThinkJump/ThinkJump/projectNoEgypt/Project No Egypt/No_Egypt/Content/StarterContent/Materials/M_Water_Lake.uasset" 541
"F:/Clasess project/monogame projects/First game scraps/ThinkJump/ThinkJump/projectNoEgypt/Project No Egypt/No_Egypt/Content/Levels/TopLevel.umap" 542
"F:/Clasess project/monogame projects/First game scraps/ThinkJump/ThinkJump/projectNoEgypt/Project No Egypt/No_Egypt/Content/StarterContent/Maps/Minimal_Default.umap" 543
"../../../Engine/Content/Maps/Entry_BuiltData.uasset" 544
"../../../Engine/Content/Maps/Entry.umap" 545
